Reading package lists...
Building dependency tree...
Reading state information...
Calculating upgrade...
The following packages were automatically installed and are no longer required:
  coinor-libipopt1v5 libmumps-seq-4.10.0 libraw15 realpath
Use 'sudo apt autoremove' to remove them.
The following packages will be REMOVED:
  nodejs-legacy
The following NEW packages will be installed:
  chromium-browser-l10n chromium-codecs-ffmpeg-extra docutils-common libaacs0
  libbdplus0 libbluray2 libc-ares2 libexiv2-14 libhttp-parser2.8
  libpaper-utils libpaper1 mypy nodejs-doc pylint3 python-colorzero
  python3-astroid python3-asttokens python3-cairo python3-colorzero
  python3-docutils python3-gi-cairo python3-isort python3-lazy-object-proxy
  python3-pygments python3-pyperclip python3-roman python3-thonny-pi
  python3-typed-ast python3-wrapt uuid-dev wolframscript xclip xsel
The following packages will be upgraded:
  apt apt-transport-https apt-utils base-files bluez-firmware chromium-browser
  cups-bsd cups-client cups-common curl dbus dbus-user-session dbus-x11
  dhcpcd5 dns-root-data erlang-base erlang-crypto erlang-syntax-tools
  fake-hwclock fonts-opensymbol fuse geany geany-common gettext-base git
  git-man gnupg gnupg-agent gpgv gstreamer1.0-alsa gstreamer1.0-plugins-base
  gstreamer1.0-x gtk2-engines-clearlookspix hostapd idle-python2.7
  idle-python3.5 java-common libapt-inst2.0 libapt-pkg5.0 libarchive13
  libasound2 libasound2-data libaudiofile1 libavcodec57 libavfilter6
  libavformat57 libavresample3 libavutil55 libc-bin libc-dev-bin libc-l10n
  libc6 libc6-dbg libc6-dev libcaca0 libcups2 libcupsfilters1 libcupsimage2
  libcurl3 libcurl3-gnutls libdbus-1-3 libexpat1 libexpat1-dev libfaad2
  libfm-data libfm-extra4 libfm-gtk-data libfm-gtk4 libfm-modules libfm4
  libfribidi0 libfuse2 libgd3 libglib2.0-0 libglib2.0-bin libglib2.0-data
  libgnutls30 libgstreamer-plugins-base1.0-0 libicu57
  libjavascriptcoregtk-4.0-18 libjs-jquery liblcms2-2 libldb1 libnghttp2-14
  libobrender32v5 libobt2v5 libopenjp2-7 libopenmpt0 libpam-systemd
  libperl5.24 libpixman-1-0 libpng-dev libpng-tools libpng16-16
  libpolkit-agent-1-0 libpolkit-backend-1-0 libpolkit-gobject-1-0
  libpostproc54 libpython2.7 libpython2.7-dev libpython2.7-minimal
  libpython2.7-stdlib libpython3.5 libpython3.5-dev libpython3.5-minimal
  libpython3.5-stdlib libqt5concurrent5 libqt5core5a libqt5dbus5 libqt5gui5
  libqt5network5 libqt5opengl5 libqt5printsupport5 libqt5widgets5 libqt5xml5
  libraspberrypi-bin libraspberrypi-dev libraspberrypi-doc libraspberrypi0
  libreoffice libreoffice-avmedia-backend-gstreamer libreoffice-base
  libreoffice-base-core libreoffice-base-drivers libreoffice-calc
  libreoffice-common libreoffice-core libreoffice-draw libreoffice-gtk
  libreoffice-gtk2 libreoffice-impress libreoffice-java-common
  libreoffice-math libreoffice-report-builder-bin libreoffice-sdbc-hsqldb
  libreoffice-style-galaxy libreoffice-systray libreoffice-writer libruby2.3
  libscsynth1 libsdl-image1.2 libsdl1.2debian libseccomp2 libservlet3.1-java
  libsmbclient libssh-gcrypt-4 libssh2-1 libssl1.0.2 libssl1.1 libswresample2
  libswscale4 libsystemd0 libtiff5 libtirpc1 libudev1 libwayland-client0
  libwayland-cursor0 libwayland-server0 libwbclient0 libwebkit2gtk-4.0-37
  libx11-6 libx11-data libx11-xcb1 libxapian30 libxcursor1 libxslt1.1 libzmq5
  locales lxappearance-obconf lxpanel lxpanel-data lxplug-ejecter
  lxplug-network lxplug-ptbatt lxpolkit lxsession lxsession-data
  lxsession-edit lxsession-logout multiarch-support nodejs nodered omxplayer
  openbox openssh-client openssh-server openssh-sftp-server openssl patch
  pcmanfm perl perl-base perl-modules-5.24 pi-bluetooth pi-greeter piclone
  pimixer pipanel policykit-1 pprompt python-cryptography python-gpiozero
  python-mote python-rpi.gpio python-six python2.7 python2.7-dev
  python2.7-minimal python3-cryptography python3-gpiozero python3-mote
  python3-rpi.gpio python3-six python3-thonny python3-uno python3.5
  python3.5-dev python3.5-minimal python3.5-venv qt5-gtk-platformtheme
  raspberrypi-bootloader raspberrypi-kernel raspberrypi-sys-mods
  raspberrypi-ui-mods raspi-config raspi-copies-and-fills raspi-gpio rc-gui
  realvnc-vnc-server realvnc-vnc-viewer rpd-icons rpd-plym-splash
  rpi-chromium-mods rsync ruby2.3 samba-common samba-libs scratch2
  sense-emu-tools smartsim ssh supercollider-server systemd systemd-sysv
  tzdata udev uno-libs3 unzip ure usbutils vim-common vim-tiny wget
  wireless-regdb wiringpi wolfram-engine wpasupplicant xxd zenity
  zenity-common
260 upgraded, 33 newly installed, 1 to remove and 0 not upgraded.
Need to get 0 B/893 MB of archives.
After this operation, 642 MB of additional disk space will be used.
Do you want to continue? [Y/n] Abort.
